Info    2020-01-21 11:44:05:0622  DevID:MV-CE013-50GM(00121453151)  Source-Line:MvCameraControl.dll(CInterfaceManager.cpp-L0615)     Description:[MV_CC_CreateHandle] return[0x0]     Solution:
Info    2020-01-21 11:44:05:0622  DevID:MV-CE013-50GM(00121453151)  Source-Line:MvCameraControl.dll(CInterfaceManager.cpp-L5504)     Description:CamCtrl[0x2040102], GigE SDKVersion[0x2040102], DriverVersion[0x1030103]     Solution:
Info    2020-01-21 11:44:06:0068  DevID:MV-CE013-50GM(00121453151)  Source-Line:MvCameraControl.dll(CInterfaceManager.cpp-L0854)     Description:[MV_CC_OpenDevice] nPrivilegeMode[1], nSwitchoverKey[0], return[0x0]     Solution:
Info    2020-01-21 11:44:06:0106  DevID:MV-CE013-50GM(00121453151)  Source-Line:MvCameraControl.dll(CInterfaceManager.cpp-L1111)     Description:[MV_CC_RegisterImageCallBackEx] return[0x0]     Solution:
Info    2020-01-21 11:44:06:0199  DevID:MV-CE013-50GM(00121453151)  Source-Line:MvCameraControl.dll(CInterfaceManager.cpp-L1317)     Description:GigE, DeviceModelName[MV-CE013-50GM], DeviceFirmwareVersion[V2.5.0 170411,170322], DeviceMaxThroughput[763290000]     Solution:
Info    2020-01-21 11:44:06:0199  DevID:MV-CE013-50GM(00121453151)  Source-Line:MvCameraControl.dll(CInterfaceManager.cpp-L1322)     Description:GigE, Width[1280], Height[960], OffsetX[0], OffsetY[0], PixelFormat[0x1080001], AcquisitionMode[2]     Solution:
Info    2020-01-21 11:44:06:0199  DevID:MV-CE013-50GM(00121453151)  Source-Line:MvCameraControl.dll(CInterfaceManager.cpp-L1328)     Description:GigE, TriggerMode[0], ResultingFrameRate[30.00], ExposureTime[2392.00], ExposureAuto[0], PayloadSize[1228800]     Solution:
Info    2020-01-21 11:44:06:0199  DevID:MV-CE013-50GM(00121453151)  Source-Line:MvCameraControl.dll(CInterfaceManager.cpp-L1333)     Description:GigE, GevLinkSpeed[1000], GevHeartbeatTimeout[60000], GevSCPSPacketSize[1500], GevSCPD[400]     Solution:
Info    2020-01-21 11:44:06:0199  DevID:MV-CE013-50GM(00121453151)  Source-Line:MvCameraControl.dll(CInterfaceManager.cpp-L1410)     Description:The callback has been registered     Solution:
Info    2020-01-21 11:44:06:0199  DevID:MV-CE013-50GM(00121453151)  Source-Line:MvCameraControl.dll(CInterfaceManager.cpp-L1418)     Description:[MV_CC_StartGrabbing] return[0x0]     Solution:
Info    2020-01-21 11:44:06:0199  DevID:MV-CE013-50GM(00121453151)  Source-Line:MvCameraControl.dll(CInterfaceManager.cpp-L5192)     Description:CamCtrl RecvThread Start, ThreadId[7484]     Solution:
Info    2020-01-21 11:44:06:0200  DevID:MV-CE013-50GM(00121453151)  Source-Line:MvCameraControl.dll(CInterfaceManager.cpp-L5017)     Description:CamCtrl Display Thread Start, ThreadId[2204]     Solution:
Info    2020-01-21 11:46:39:0947  DevID:MV-CE013-50GM(00121453151)  Source-Line:MvCameraControl.dll(CInterfaceManager.cpp-L5175)     Description:Display process exit     Solution:
Info    2020-01-21 11:46:39:0969  DevID:MV-CE013-50GM(00121453151)  Source-Line:MvCameraControl.dll(CInterfaceManager.cpp-L5367)     Description:RecvThread Process Exit     Solution:
Info    2020-01-21 11:46:40:0082  DevID:MV-CE013-50GM(00121453151)  Source-Line:MvCameraControl.dll(CInterfaceManager.cpp-L1504)     Description:[StopGrabbing] return[0x0]     Solution:
Info    2020-01-21 11:46:40:0082  DevID:MV-CE013-50GM(00121453151)  Source-Line:MvCameraControl.dll(CInterfaceManager.cpp-L1505)     Description:GetFrameCount [0], GetFrameSucceedCount[0], RecvFrameCount[0]     Solution:
Info    2020-01-21 11:46:41:0039  DevID:MV-CE013-50GM(00121453151)  Source-Line:MvCameraControl.dll(CInterfaceManager.cpp-L0926)     Description:[CloseDevice] return[0x0]     Solution:
Info    2020-01-21 11:46:41:0039  DevID:MV-CE013-50GM(00121453151)  Source-Line:MvCameraControl.dll(CInterfaceManager.cpp-L0630)     Description:[MV_CC_DestroyHandle] return[0x0]     Solution:
Info    2020-01-21 11:49:15:0909  DevID:MV-CE013-50GM(00121453151)  Source-Line:MvCameraControl.dll(CInterfaceManager.cpp-L0615)     Description:[MV_CC_CreateHandle] return[0x0]     Solution:
Info    2020-01-21 11:49:15:0909  DevID:MV-CE013-50GM(00121453151)  Source-Line:MvCameraControl.dll(CInterfaceManager.cpp-L5504)     Description:CamCtrl[0x2040102], GigE SDKVersion[0x2040102], DriverVersion[0x1030103]     Solution:
Info    2020-01-21 11:49:16:0278  DevID:MV-CE013-50GM(00121453151)  Source-Line:MvCameraControl.dll(CInterfaceManager.cpp-L0854)     Description:[MV_CC_OpenDevice] nPrivilegeMode[1], nSwitchoverKey[0], return[0x0]     Solution:
Info    2020-01-21 11:49:16:0313  DevID:MV-CE013-50GM(00121453151)  Source-Line:MvCameraControl.dll(CInterfaceManager.cpp-L1111)     Description:[MV_CC_RegisterImageCallBackEx] return[0x0]     Solution:
Info    2020-01-21 11:49:16:0408  DevID:MV-CE013-50GM(00121453151)  Source-Line:MvCameraControl.dll(CInterfaceManager.cpp-L1317)     Description:GigE, DeviceModelName[MV-CE013-50GM], DeviceFirmwareVersion[V2.5.0 170411,170322], DeviceMaxThroughput[763290000]     Solution:
Info    2020-01-21 11:49:16:0408  DevID:MV-CE013-50GM(00121453151)  Source-Line:MvCameraControl.dll(CInterfaceManager.cpp-L1322)     Description:GigE, Width[1280], Height[960], OffsetX[0], OffsetY[0], PixelFormat[0x1080001], AcquisitionMode[2]     Solution:
Info    2020-01-21 11:49:16:0408  DevID:MV-CE013-50GM(00121453151)  Source-Line:MvCameraControl.dll(CInterfaceManager.cpp-L1328)     Description:GigE, TriggerMode[0], ResultingFrameRate[30.00], ExposureTime[2392.00], ExposureAuto[0], PayloadSize[1228800]     Solution:
Info    2020-01-21 11:49:16:0408  DevID:MV-CE013-50GM(00121453151)  Source-Line:MvCameraControl.dll(CInterfaceManager.cpp-L1333)     Description:GigE, GevLinkSpeed[1000], GevHeartbeatTimeout[60000], GevSCPSPacketSize[1500], GevSCPD[400]     Solution:
Info    2020-01-21 11:49:16:0409  DevID:MV-CE013-50GM(00121453151)  Source-Line:MvCameraControl.dll(CInterfaceManager.cpp-L5192)     Description:CamCtrl RecvThread Start, ThreadId[6864]     Solution:
Info    2020-01-21 11:49:16:0409  DevID:MV-CE013-50GM(00121453151)  Source-Line:MvCameraControl.dll(CInterfaceManager.cpp-L1410)     Description:The callback has been registered     Solution:
Info    2020-01-21 11:49:16:0409  DevID:MV-CE013-50GM(00121453151)  Source-Line:MvCameraControl.dll(CInterfaceManager.cpp-L1418)     Description:[MV_CC_StartGrabbing] return[0x0]     Solution:
Info    2020-01-21 11:49:16:0409  DevID:MV-CE013-50GM(00121453151)  Source-Line:MvCameraControl.dll(CInterfaceManager.cpp-L5017)     Description:CamCtrl Display Thread Start, ThreadId[5020]     Solution:
Error   2020-01-21 11:53:28:0166  DevID:MV-CE013-50GM(00121453151)  Source-Line:MvCameraControl.dll(XmlParse.cpp-L2873)     Description:SetNodeValue [TriggerSoftware], [Node is not writable. : AccessException thrown in node 'TriggerSoftware' while calling 'TriggerSoftware.Execute()' (file 'CommandT.h', line 61)]     Solution:
Error   2020-01-21 11:53:28:0166  DevID:MV-CE013-50GM(00121453151)  Source-Line:MvCameraControl.dll(CInterfaceManager.cpp-L3627)     Description:[MV_CC_SetCommandValue] Property[TriggerSoftware], return[0x80000106]     Solution:
Error   2020-01-21 11:53:28:0508  DevID:MV-CE013-50GM(00121453151)  Source-Line:MvCameraControl.dll(XmlParse.cpp-L2873)     Description:SetNodeValue [TriggerSoftware], [Node is not writable. : AccessException thrown in node 'TriggerSoftware' while calling 'TriggerSoftware.Execute()' (file 'CommandT.h', line 61)]     Solution:
Error   2020-01-21 11:53:28:0508  DevID:MV-CE013-50GM(00121453151)  Source-Line:MvCameraControl.dll(CInterfaceManager.cpp-L3627)     Description:[MV_CC_SetCommandValue] Property[TriggerSoftware], return[0x80000106]     Solution:
Error   2020-01-21 11:53:37:0379  DevID:MV-CE013-50GM(00121453151)  Source-Line:MvCameraControl.dll(XmlParse.cpp-L2873)     Description:SetNodeValue [TriggerSoftware], [Node is not writable. : AccessException thrown in node 'TriggerSoftware' while calling 'TriggerSoftware.Execute()' (file 'CommandT.h', line 61)]     Solution:
Error   2020-01-21 11:53:37:0379  DevID:MV-CE013-50GM(00121453151)  Source-Line:MvCameraControl.dll(CInterfaceManager.cpp-L3627)     Description:[MV_CC_SetCommandValue] Property[TriggerSoftware], return[0x80000106]     Solution:
Error   2020-01-21 11:53:37:0694  DevID:MV-CE013-50GM(00121453151)  Source-Line:MvCameraControl.dll(XmlParse.cpp-L2873)     Description:SetNodeValue [TriggerSoftware], [Node is not writable. : AccessException thrown in node 'TriggerSoftware' while calling 'TriggerSoftware.Execute()' (file 'CommandT.h', line 61)]     Solution:
Error   2020-01-21 11:53:37:0694  DevID:MV-CE013-50GM(00121453151)  Source-Line:MvCameraControl.dll(CInterfaceManager.cpp-L3627)     Description:[MV_CC_SetCommandValue] Property[TriggerSoftware], return[0x80000106]     Solution:
Error   2020-01-21 11:53:47:0322  DevID:MV-CE013-50GM(00121453151)  Source-Line:MvCameraControl.dll(XmlParse.cpp-L2873)     Description:SetNodeValue [TriggerSoftware], [Node is not writable. : AccessException thrown in node 'TriggerSoftware' while calling 'TriggerSoftware.Execute()' (file 'CommandT.h', line 61)]     Solution:
Error   2020-01-21 11:53:47:0322  DevID:MV-CE013-50GM(00121453151)  Source-Line:MvCameraControl.dll(CInterfaceManager.cpp-L3627)     Description:[MV_CC_SetCommandValue] Property[TriggerSoftware], return[0x80000106]     Solution:
Error   2020-01-21 11:53:47:0588  DevID:MV-CE013-50GM(00121453151)  Source-Line:MvCameraControl.dll(XmlParse.cpp-L2873)     Description:SetNodeValue [TriggerSoftware], [Node is not writable. : AccessException thrown in node 'TriggerSoftware' while calling 'TriggerSoftware.Execute()' (file 'CommandT.h', line 61)]     Solution:
Error   2020-01-21 11:53:47:0588  DevID:MV-CE013-50GM(00121453151)  Source-Line:MvCameraControl.dll(CInterfaceManager.cpp-L3627)     Description:[MV_CC_SetCommandValue] Property[TriggerSoftware], return[0x80000106]     Solution:
Info    2020-01-21 13:43:00:0583  DevID:MV-CE013-50GM(00121453151)  Source-Line:MvCameraControl.dll(CInterfaceManager.cpp-L5367)     Description:RecvThread Process Exit     Solution:
Info    2020-01-21 13:43:00:0643  DevID:MV-CE013-50GM(00121453151)  Source-Line:MvCameraControl.dll(CInterfaceManager.cpp-L5175)     Description:Display process exit     Solution:
Info    2020-01-21 13:43:00:0755  DevID:MV-CE013-50GM(00121453151)  Source-Line:MvCameraControl.dll(CInterfaceManager.cpp-L1504)     Description:[StopGrabbing] return[0x0]     Solution:
Info    2020-01-21 13:43:00:0755  DevID:MV-CE013-50GM(00121453151)  Source-Line:MvCameraControl.dll(CInterfaceManager.cpp-L1505)     Description:GetFrameCount [0], GetFrameSucceedCount[0], RecvFrameCount[0]     Solution:
Info    2020-01-21 13:43:01:0973  DevID:MV-CE013-50GM(00121453151)  Source-Line:MvCameraControl.dll(CInterfaceManager.cpp-L0926)     Description:[CloseDevice] return[0x0]     Solution:
Info    2020-01-21 13:43:01:0973  DevID:MV-CE013-50GM(00121453151)  Source-Line:MvCameraControl.dll(CInterfaceManager.cpp-L0630)     Description:[MV_CC_DestroyHandle] return[0x0]     Solution:
Info    2020-01-21 13:43:56:0579  DevID:MV-CE013-50GM(00121453151)  Source-Line:MvCameraControl.dll(CInterfaceManager.cpp-L0615)     Description:[MV_CC_CreateHandle] return[0x0]     Solution:
Info    2020-01-21 13:43:56:0579  DevID:MV-CE013-50GM(00121453151)  Source-Line:MvCameraControl.dll(CInterfaceManager.cpp-L5504)     Description:CamCtrl[0x2040102], GigE SDKVersion[0x2040102], DriverVersion[0x1030103]     Solution:
Info    2020-01-21 13:43:56:0956  DevID:MV-CE013-50GM(00121453151)  Source-Line:MvCameraControl.dll(CInterfaceManager.cpp-L0854)     Description:[MV_CC_OpenDevice] nPrivilegeMode[1], nSwitchoverKey[0], return[0x0]     Solution:
Info    2020-01-21 13:43:56:0992  DevID:MV-CE013-50GM(00121453151)  Source-Line:MvCameraControl.dll(CInterfaceManager.cpp-L1111)     Description:[MV_CC_RegisterImageCallBackEx] return[0x0]     Solution:
Info    2020-01-21 13:43:57:0086  DevID:MV-CE013-50GM(00121453151)  Source-Line:MvCameraControl.dll(CInterfaceManager.cpp-L1317)     Description:GigE, DeviceModelName[MV-CE013-50GM], DeviceFirmwareVersion[V2.5.0 170411,170322], DeviceMaxThroughput[763290000]     Solution:
Info    2020-01-21 13:43:57:0086  DevID:MV-CE013-50GM(00121453151)  Source-Line:MvCameraControl.dll(CInterfaceManager.cpp-L1322)     Description:GigE, Width[1280], Height[960], OffsetX[0], OffsetY[0], PixelFormat[0x1080001], AcquisitionMode[2]     Solution:
Info    2020-01-21 13:43:57:0086  DevID:MV-CE013-50GM(00121453151)  Source-Line:MvCameraControl.dll(CInterfaceManager.cpp-L1328)     Description:GigE, TriggerMode[0], ResultingFrameRate[30.00], ExposureTime[2392.00], ExposureAuto[0], PayloadSize[1228800]     Solution:
Info    2020-01-21 13:43:57:0086  DevID:MV-CE013-50GM(00121453151)  Source-Line:MvCameraControl.dll(CInterfaceManager.cpp-L1333)     Description:GigE, GevLinkSpeed[1000], GevHeartbeatTimeout[60000], GevSCPSPacketSize[1500], GevSCPD[400]     Solution:
Info    2020-01-21 13:43:57:0087  DevID:MV-CE013-50GM(00121453151)  Source-Line:MvCameraControl.dll(CInterfaceManager.cpp-L1410)     Description:The callback has been registered     Solution:
Info    2020-01-21 13:43:57:0087  DevID:MV-CE013-50GM(00121453151)  Source-Line:MvCameraControl.dll(CInterfaceManager.cpp-L1418)     Description:[MV_CC_StartGrabbing] return[0x0]     Solution:
Info    2020-01-21 13:43:57:0087  DevID:MV-CE013-50GM(00121453151)  Source-Line:MvCameraControl.dll(CInterfaceManager.cpp-L5192)     Description:CamCtrl RecvThread Start, ThreadId[6012]     Solution:
Info    2020-01-21 13:43:57:0087  DevID:MV-CE013-50GM(00121453151)  Source-Line:MvCameraControl.dll(CInterfaceManager.cpp-L5017)     Description:CamCtrl Display Thread Start, ThreadId[5948]     Solution:
Info    2020-01-21 13:57:02:0286  DevID:MV-CE013-50GM(00121453151)  Source-Line:MvCameraControl.dll(CInterfaceManager.cpp-L5367)     Description:RecvThread Process Exit     Solution:
Info    2020-01-21 13:57:02:0358  DevID:MV-CE013-50GM(00121453151)  Source-Line:MvCameraControl.dll(CInterfaceManager.cpp-L5175)     Description:Display process exit     Solution:
Info    2020-01-21 13:57:02:0470  DevID:MV-CE013-50GM(00121453151)  Source-Line:MvCameraControl.dll(CInterfaceManager.cpp-L1504)     Description:[StopGrabbing] return[0x0]     Solution:
Info    2020-01-21 13:57:02:0470  DevID:MV-CE013-50GM(00121453151)  Source-Line:MvCameraControl.dll(CInterfaceManager.cpp-L1505)     Description:GetFrameCount [0], GetFrameSucceedCount[0], RecvFrameCount[0]     Solution:
Info    2020-01-21 13:57:02:0546  DevID:MV-CE013-50GM(00121453151)  Source-Line:MvCameraControl.dll(CInterfaceManager.cpp-L0926)     Description:[CloseDevice] return[0x0]     Solution:
Info    2020-01-21 13:57:02:0546  DevID:MV-CE013-50GM(00121453151)  Source-Line:MvCameraControl.dll(CInterfaceManager.cpp-L0630)     Description:[MV_CC_DestroyHandle] return[0x0]     Solution:
Info    2020-01-21 13:59:38:0744  DevID:MV-CE013-50GM(00121453151)  Source-Line:MvCameraControl.dll(CInterfaceManager.cpp-L0615)     Description:[MV_CC_CreateHandle] return[0x0]     Solution:
Info    2020-01-21 13:59:38:0744  DevID:MV-CE013-50GM(00121453151)  Source-Line:MvCameraControl.dll(CInterfaceManager.cpp-L5504)     Description:CamCtrl[0x2040102], GigE SDKVersion[0x2040102], DriverVersion[0x1030103]     Solution:
Info    2020-01-21 13:59:39:0128  DevID:MV-CE013-50GM(00121453151)  Source-Line:MvCameraControl.dll(CInterfaceManager.cpp-L0854)     Description:[MV_CC_OpenDevice] nPrivilegeMode[1], nSwitchoverKey[0], return[0x0]     Solution:
Info    2020-01-21 13:59:39:0163  DevID:MV-CE013-50GM(00121453151)  Source-Line:MvCameraControl.dll(CInterfaceManager.cpp-L1111)     Description:[MV_CC_RegisterImageCallBackEx] return[0x0]     Solution:
Info    2020-01-21 13:59:39:0259  DevID:MV-CE013-50GM(00121453151)  Source-Line:MvCameraControl.dll(CInterfaceManager.cpp-L1317)     Description:GigE, DeviceModelName[MV-CE013-50GM], DeviceFirmwareVersion[V2.5.0 170411,170322], DeviceMaxThroughput[763290000]     Solution:
Info    2020-01-21 13:59:39:0259  DevID:MV-CE013-50GM(00121453151)  Source-Line:MvCameraControl.dll(CInterfaceManager.cpp-L1322)     Description:GigE, Width[1280], Height[960], OffsetX[0], OffsetY[0], PixelFormat[0x1080001], AcquisitionMode[2]     Solution:
Info    2020-01-21 13:59:39:0259  DevID:MV-CE013-50GM(00121453151)  Source-Line:MvCameraControl.dll(CInterfaceManager.cpp-L1328)     Description:GigE, TriggerMode[0], ResultingFrameRate[30.00], ExposureTime[2392.00], ExposureAuto[0], PayloadSize[1228800]     Solution:
Info    2020-01-21 13:59:39:0259  DevID:MV-CE013-50GM(00121453151)  Source-Line:MvCameraControl.dll(CInterfaceManager.cpp-L1333)     Description:GigE, GevLinkSpeed[1000], GevHeartbeatTimeout[60000], GevSCPSPacketSize[1500], GevSCPD[400]     Solution:
Info    2020-01-21 13:59:39:0259  DevID:MV-CE013-50GM(00121453151)  Source-Line:MvCameraControl.dll(CInterfaceManager.cpp-L5192)     Description:CamCtrl RecvThread Start, ThreadId[7928]     Solution:
Info    2020-01-21 13:59:39:0259  DevID:MV-CE013-50GM(00121453151)  Source-Line:MvCameraControl.dll(CInterfaceManager.cpp-L1410)     Description:The callback has been registered     Solution:
Info    2020-01-21 13:59:39:0259  DevID:MV-CE013-50GM(00121453151)  Source-Line:MvCameraControl.dll(CInterfaceManager.cpp-L1418)     Description:[MV_CC_StartGrabbing] return[0x0]     Solution:
Info    2020-01-21 13:59:39:0259  DevID:MV-CE013-50GM(00121453151)  Source-Line:MvCameraControl.dll(CInterfaceManager.cpp-L5017)     Description:CamCtrl Display Thread Start, ThreadId[4044]     Solution:
Info    2020-01-21 14:00:52:0031  DevID:MV-CE013-50GM(00121453151)  Source-Line:MvCameraControl.dll(CInterfaceManager.cpp-L5367)     Description:RecvThread Process Exit     Solution:
Info    2020-01-21 14:00:52:0068  DevID:MV-CE013-50GM(00121453151)  Source-Line:MvCameraControl.dll(CInterfaceManager.cpp-L5175)     Description:Display process exit     Solution:
Info    2020-01-21 14:00:52:0180  DevID:MV-CE013-50GM(00121453151)  Source-Line:MvCameraControl.dll(CInterfaceManager.cpp-L1504)     Description:[StopGrabbing] return[0x0]     Solution:
Info    2020-01-21 14:00:52:0180  DevID:MV-CE013-50GM(00121453151)  Source-Line:MvCameraControl.dll(CInterfaceManager.cpp-L1505)     Description:GetFrameCount [0], GetFrameSucceedCount[0], RecvFrameCount[0]     Solution:
Info    2020-01-21 14:00:52:0482  DevID:MV-CE013-50GM(00121453151)  Source-Line:MvCameraControl.dll(CInterfaceManager.cpp-L0926)     Description:[CloseDevice] return[0x0]     Solution:
Info    2020-01-21 14:00:52:0482  DevID:MV-CE013-50GM(00121453151)  Source-Line:MvCameraControl.dll(CInterfaceManager.cpp-L0630)     Description:[MV_CC_DestroyHandle] return[0x0]     Solution:
Info    2020-01-21 14:01:42:0969  DevID:MV-CE013-50GM(00121453151)  Source-Line:MvCameraControl.dll(CInterfaceManager.cpp-L0615)     Description:[MV_CC_CreateHandle] return[0x0]     Solution:
Info    2020-01-21 14:01:42:0969  DevID:MV-CE013-50GM(00121453151)  Source-Line:MvCameraControl.dll(CInterfaceManager.cpp-L5504)     Description:CamCtrl[0x2040102], GigE SDKVersion[0x2040102], DriverVersion[0x1030103]     Solution:
Info    2020-01-21 14:01:43:0358  DevID:MV-CE013-50GM(00121453151)  Source-Line:MvCameraControl.dll(CInterfaceManager.cpp-L0854)     Description:[MV_CC_OpenDevice] nPrivilegeMode[1], nSwitchoverKey[0], return[0x0]     Solution:
Info    2020-01-21 14:01:43:0394  DevID:MV-CE013-50GM(00121453151)  Source-Line:MvCameraControl.dll(CInterfaceManager.cpp-L1111)     Description:[MV_CC_RegisterImageCallBackEx] return[0x0]     Solution:
Info    2020-01-21 14:01:43:0491  DevID:MV-CE013-50GM(00121453151)  Source-Line:MvCameraControl.dll(CInterfaceManager.cpp-L1317)     Description:GigE, DeviceModelName[MV-CE013-50GM], DeviceFirmwareVersion[V2.5.0 170411,170322], DeviceMaxThroughput[763290000]     Solution:
Info    2020-01-21 14:01:43:0491  DevID:MV-CE013-50GM(00121453151)  Source-Line:MvCameraControl.dll(CInterfaceManager.cpp-L1322)     Description:GigE, Width[1280], Height[960], OffsetX[0], OffsetY[0], PixelFormat[0x1080001], AcquisitionMode[2]     Solution:
Info    2020-01-21 14:01:43:0491  DevID:MV-CE013-50GM(00121453151)  Source-Line:MvCameraControl.dll(CInterfaceManager.cpp-L1328)     Description:GigE, TriggerMode[0], ResultingFrameRate[30.00], ExposureTime[2392.00], ExposureAuto[0], PayloadSize[1228800]     Solution:
Info    2020-01-21 14:01:43:0491  DevID:MV-CE013-50GM(00121453151)  Source-Line:MvCameraControl.dll(CInterfaceManager.cpp-L1333)     Description:GigE, GevLinkSpeed[1000], GevHeartbeatTimeout[60000], GevSCPSPacketSize[1500], GevSCPD[400]     Solution:
Info    2020-01-21 14:01:43:0491  DevID:MV-CE013-50GM(00121453151)  Source-Line:MvCameraControl.dll(CInterfaceManager.cpp-L1410)     Description:The callback has been registered     Solution:
Info    2020-01-21 14:01:43:0491  DevID:MV-CE013-50GM(00121453151)  Source-Line:MvCameraControl.dll(CInterfaceManager.cpp-L1418)     Description:[MV_CC_StartGrabbing] return[0x0]     Solution:
Info    2020-01-21 14:01:43:0491  DevID:MV-CE013-50GM(00121453151)  Source-Line:MvCameraControl.dll(CInterfaceManager.cpp-L5192)     Description:CamCtrl RecvThread Start, ThreadId[7616]     Solution:
Info    2020-01-21 14:01:43:0492  DevID:MV-CE013-50GM(00121453151)  Source-Line:MvCameraControl.dll(CInterfaceManager.cpp-L5017)     Description:CamCtrl Display Thread Start, ThreadId[6896]     Solution:
Info    2020-01-21 14:15:15:0968  DevID:MV-CE013-50GM(00121453151)  Source-Line:MvCameraControl.dll(CInterfaceManager.cpp-L0615)     Description:[MV_CC_CreateHandle] return[0x0]     Solution:
Info    2020-01-21 14:15:15:0968  DevID:MV-CE013-50GM(00121453151)  Source-Line:MvCameraControl.dll(CInterfaceManager.cpp-L5504)     Description:CamCtrl[0x2040102], GigE SDKVersion[0x2040102], DriverVersion[0x1030103]     Solution:
Info    2020-01-21 14:15:16:0343  DevID:MV-CE013-50GM(00121453151)  Source-Line:MvCameraControl.dll(CInterfaceManager.cpp-L0854)     Description:[MV_CC_OpenDevice] nPrivilegeMode[1], nSwitchoverKey[0], return[0x0]     Solution:
Info    2020-01-21 14:15:16:0380  DevID:MV-CE013-50GM(00121453151)  Source-Line:MvCameraControl.dll(CInterfaceManager.cpp-L1111)     Description:[MV_CC_RegisterImageCallBackEx] return[0x0]     Solution:
Info    2020-01-21 14:15:16:0475  DevID:MV-CE013-50GM(00121453151)  Source-Line:MvCameraControl.dll(CInterfaceManager.cpp-L1317)     Description:GigE, DeviceModelName[MV-CE013-50GM], DeviceFirmwareVersion[V2.5.0 170411,170322], DeviceMaxThroughput[763290000]     Solution:
Info    2020-01-21 14:15:16:0475  DevID:MV-CE013-50GM(00121453151)  Source-Line:MvCameraControl.dll(CInterfaceManager.cpp-L1322)     Description:GigE, Width[1280], Height[960], OffsetX[0], OffsetY[0], PixelFormat[0x1080001], AcquisitionMode[2]     Solution:
Info    2020-01-21 14:15:16:0475  DevID:MV-CE013-50GM(00121453151)  Source-Line:MvCameraControl.dll(CInterfaceManager.cpp-L1328)     Description:GigE, TriggerMode[0], ResultingFrameRate[30.00], ExposureTime[2392.00], ExposureAuto[0], PayloadSize[1228800]     Solution:
Info    2020-01-21 14:15:16:0475  DevID:MV-CE013-50GM(00121453151)  Source-Line:MvCameraControl.dll(CInterfaceManager.cpp-L1333)     Description:GigE, GevLinkSpeed[1000], GevHeartbeatTimeout[60000], GevSCPSPacketSize[1500], GevSCPD[400]     Solution:
Info    2020-01-21 14:15:16:0476  DevID:MV-CE013-50GM(00121453151)  Source-Line:MvCameraControl.dll(CInterfaceManager.cpp-L1410)     Description:The callback has been registered     Solution:
Info    2020-01-21 14:15:16:0476  DevID:MV-CE013-50GM(00121453151)  Source-Line:MvCameraControl.dll(CInterfaceManager.cpp-L1418)     Description:[MV_CC_StartGrabbing] return[0x0]     Solution:
Info    2020-01-21 14:15:16:0476  DevID:MV-CE013-50GM(00121453151)  Source-Line:MvCameraControl.dll(CInterfaceManager.cpp-L5192)     Description:CamCtrl RecvThread Start, ThreadId[5608]     Solution:
Info    2020-01-21 14:15:16:0476  DevID:MV-CE013-50GM(00121453151)  Source-Line:MvCameraControl.dll(CInterfaceManager.cpp-L5017)     Description:CamCtrl Display Thread Start, ThreadId[5384]     Solution:
Info    2020-01-21 14:22:12:0900  DevID:MV-CE013-50GM(00121453151)  Source-Line:MvCameraControl.dll(CInterfaceManager.cpp-L5367)     Description:RecvThread Process Exit     Solution:
Info    2020-01-21 14:22:12:0933  DevID:MV-CE013-50GM(00121453151)  Source-Line:MvCameraControl.dll(CInterfaceManager.cpp-L5175)     Description:Display process exit     Solution:
Info    2020-01-21 14:22:13:0045  DevID:MV-CE013-50GM(00121453151)  Source-Line:MvCameraControl.dll(CInterfaceManager.cpp-L1504)     Description:[StopGrabbing] return[0x0]     Solution:
Info    2020-01-21 14:22:13:0045  DevID:MV-CE013-50GM(00121453151)  Source-Line:MvCameraControl.dll(CInterfaceManager.cpp-L1505)     Description:GetFrameCount [0], GetFrameSucceedCount[0], RecvFrameCount[0]     Solution:
Info    2020-01-21 14:22:13:0218  DevID:MV-CE013-50GM(00121453151)  Source-Line:MvCameraControl.dll(CInterfaceManager.cpp-L0926)     Description:[CloseDevice] return[0x0]     Solution:
Info    2020-01-21 14:22:13:0218  DevID:MV-CE013-50GM(00121453151)  Source-Line:MvCameraControl.dll(CInterfaceManager.cpp-L0630)     Description:[MV_CC_DestroyHandle] return[0x0]     Solution:
Info    2020-01-21 14:23:30:0508  DevID:MV-CE013-50GM(00121453151)  Source-Line:MvCameraControl.dll(CInterfaceManager.cpp-L0615)     Description:[MV_CC_CreateHandle] return[0x0]     Solution:
Info    2020-01-21 14:23:30:0509  DevID:MV-CE013-50GM(00121453151)  Source-Line:MvCameraControl.dll(CInterfaceManager.cpp-L5504)     Description:CamCtrl[0x2040102], GigE SDKVersion[0x2040102], DriverVersion[0x1030103]     Solution:
Info    2020-01-21 14:23:30:0884  DevID:MV-CE013-50GM(00121453151)  Source-Line:MvCameraControl.dll(CInterfaceManager.cpp-L0854)     Description:[MV_CC_OpenDevice] nPrivilegeMode[1], nSwitchoverKey[0], return[0x0]     Solution:
Info    2020-01-21 14:23:30:0920  DevID:MV-CE013-50GM(00121453151)  Source-Line:MvCameraControl.dll(CInterfaceManager.cpp-L1111)     Description:[MV_CC_RegisterImageCallBackEx] return[0x0]     Solution:
Info    2020-01-21 14:23:31:0014  DevID:MV-CE013-50GM(00121453151)  Source-Line:MvCameraControl.dll(CInterfaceManager.cpp-L1317)     Description:GigE, DeviceModelName[MV-CE013-50GM], DeviceFirmwareVersion[V2.5.0 170411,170322], DeviceMaxThroughput[763290000]     Solution:
Info    2020-01-21 14:23:31:0014  DevID:MV-CE013-50GM(00121453151)  Source-Line:MvCameraControl.dll(CInterfaceManager.cpp-L1322)     Description:GigE, Width[1280], Height[960], OffsetX[0], OffsetY[0], PixelFormat[0x1080001], AcquisitionMode[2]     Solution:
Info    2020-01-21 14:23:31:0014  DevID:MV-CE013-50GM(00121453151)  Source-Line:MvCameraControl.dll(CInterfaceManager.cpp-L1328)     Description:GigE, TriggerMode[0], ResultingFrameRate[30.00], ExposureTime[2392.00], ExposureAuto[0], PayloadSize[1228800]     Solution:
Info    2020-01-21 14:23:31:0014  DevID:MV-CE013-50GM(00121453151)  Source-Line:MvCameraControl.dll(CInterfaceManager.cpp-L1333)     Description:GigE, GevLinkSpeed[1000], GevHeartbeatTimeout[60000], GevSCPSPacketSize[1500], GevSCPD[400]     Solution:
Info    2020-01-21 14:23:31:0015  DevID:MV-CE013-50GM(00121453151)  Source-Line:MvCameraControl.dll(CInterfaceManager.cpp-L1410)     Description:The callback has been registered     Solution:
Info    2020-01-21 14:23:31:0015  DevID:MV-CE013-50GM(00121453151)  Source-Line:MvCameraControl.dll(CInterfaceManager.cpp-L1418)     Description:[MV_CC_StartGrabbing] return[0x0]     Solution:
Info    2020-01-21 14:23:31:0015  DevID:MV-CE013-50GM(00121453151)  Source-Line:MvCameraControl.dll(CInterfaceManager.cpp-L5192)     Description:CamCtrl RecvThread Start, ThreadId[8156]     Solution:
Info    2020-01-21 14:23:31:0015  DevID:MV-CE013-50GM(00121453151)  Source-Line:MvCameraControl.dll(CInterfaceManager.cpp-L5017)     Description:CamCtrl Display Thread Start, ThreadId[4200]     Solution:
Info    2020-01-21 14:29:01:0895  DevID:MV-CE013-50GM(00121453151)  Source-Line:MvCameraControl.dll(CInterfaceManager.cpp-L5367)     Description:RecvThread Process Exit     Solution:
Info    2020-01-21 14:29:01:0949  DevID:MV-CE013-50GM(00121453151)  Source-Line:MvCameraControl.dll(CInterfaceManager.cpp-L5175)     Description:Display process exit     Solution:
Info    2020-01-21 14:29:02:0061  DevID:MV-CE013-50GM(00121453151)  Source-Line:MvCameraControl.dll(CInterfaceManager.cpp-L1504)     Description:[StopGrabbing] return[0x0]     Solution:
Info    2020-01-21 14:29:02:0061  DevID:MV-CE013-50GM(00121453151)  Source-Line:MvCameraControl.dll(CInterfaceManager.cpp-L1505)     Description:GetFrameCount [0], GetFrameSucceedCount[0], RecvFrameCount[0]     Solution:
Info    2020-01-21 14:29:02:0478  DevID:MV-CE013-50GM(00121453151)  Source-Line:MvCameraControl.dll(CInterfaceManager.cpp-L0926)     Description:[CloseDevice] return[0x0]     Solution:
Info    2020-01-21 14:29:02:0478  DevID:MV-CE013-50GM(00121453151)  Source-Line:MvCameraControl.dll(CInterfaceManager.cpp-L0630)     Description:[MV_CC_DestroyHandle] return[0x0]     Solution:
Info    2020-01-21 14:30:01:0449  DevID:MV-CE013-50GM(00121453151)  Source-Line:MvCameraControl.dll(CInterfaceManager.cpp-L0615)     Description:[MV_CC_CreateHandle] return[0x0]     Solution:
Info    2020-01-21 14:30:01:0449  DevID:MV-CE013-50GM(00121453151)  Source-Line:MvCameraControl.dll(CInterfaceManager.cpp-L5504)     Description:CamCtrl[0x2040102], GigE SDKVersion[0x2040102], DriverVersion[0x1030103]     Solution:
Info    2020-01-21 14:30:01:0838  DevID:MV-CE013-50GM(00121453151)  Source-Line:MvCameraControl.dll(CInterfaceManager.cpp-L0854)     Description:[MV_CC_OpenDevice] nPrivilegeMode[1], nSwitchoverKey[0], return[0x0]     Solution:
Info    2020-01-21 14:30:01:0873  DevID:MV-CE013-50GM(00121453151)  Source-Line:MvCameraControl.dll(CInterfaceManager.cpp-L1111)     Description:[MV_CC_RegisterImageCallBackEx] return[0x0]     Solution:
Info    2020-01-21 14:30:01:0968  DevID:MV-CE013-50GM(00121453151)  Source-Line:MvCameraControl.dll(CInterfaceManager.cpp-L1317)     Description:GigE, DeviceModelName[MV-CE013-50GM], DeviceFirmwareVersion[V2.5.0 170411,170322], DeviceMaxThroughput[763290000]     Solution:
Info    2020-01-21 14:30:01:0968  DevID:MV-CE013-50GM(00121453151)  Source-Line:MvCameraControl.dll(CInterfaceManager.cpp-L1322)     Description:GigE, Width[1280], Height[960], OffsetX[0], OffsetY[0], PixelFormat[0x1080001], AcquisitionMode[2]     Solution:
Info    2020-01-21 14:30:01:0968  DevID:MV-CE013-50GM(00121453151)  Source-Line:MvCameraControl.dll(CInterfaceManager.cpp-L1328)     Description:GigE, TriggerMode[0], ResultingFrameRate[30.00], ExposureTime[2392.00], ExposureAuto[0], PayloadSize[1228800]     Solution:
Info    2020-01-21 14:30:01:0968  DevID:MV-CE013-50GM(00121453151)  Source-Line:MvCameraControl.dll(CInterfaceManager.cpp-L1333)     Description:GigE, GevLinkSpeed[1000], GevHeartbeatTimeout[60000], GevSCPSPacketSize[1500], GevSCPD[400]     Solution:
Info    2020-01-21 14:30:01:0968  DevID:MV-CE013-50GM(00121453151)  Source-Line:MvCameraControl.dll(CInterfaceManager.cpp-L1410)     Description:The callback has been registered     Solution:
Info    2020-01-21 14:30:01:0968  DevID:MV-CE013-50GM(00121453151)  Source-Line:MvCameraControl.dll(CInterfaceManager.cpp-L1418)     Description:[MV_CC_StartGrabbing] return[0x0]     Solution:
Info    2020-01-21 14:30:01:0969  DevID:MV-CE013-50GM(00121453151)  Source-Line:MvCameraControl.dll(CInterfaceManager.cpp-L5192)     Description:CamCtrl RecvThread Start, ThreadId[3288]     Solution:
Info    2020-01-21 14:30:01:0969  DevID:MV-CE013-50GM(00121453151)  Source-Line:MvCameraControl.dll(CInterfaceManager.cpp-L5017)     Description:CamCtrl Display Thread Start, ThreadId[3192]     Solution:
Warning 2020-01-21 15:02:21:0383  DevID:MV-CE013-50GM(00121453151)  Source-Line:MvCameraControl.dll(CInterfaceManager.cpp-L5888)     Description:[InnerGetOneFrame]This's frame lose packets[1]     Solution:Please check the network environment
Info    2020-01-21 15:10:33:0895  DevID:MV-CE013-50GM(00121453151)  Source-Line:MvCameraControl.dll(CInterfaceManager.cpp-L5367)     Description:RecvThread Process Exit     Solution:
Info    2020-01-21 15:10:33:0922  DevID:MV-CE013-50GM(00121453151)  Source-Line:MvCameraControl.dll(CInterfaceManager.cpp-L5175)     Description:Display process exit     Solution:
Info    2020-01-21 15:10:34:0034  DevID:MV-CE013-50GM(00121453151)  Source-Line:MvCameraControl.dll(CInterfaceManager.cpp-L1504)     Description:[StopGrabbing] return[0x0]     Solution:
Info    2020-01-21 15:10:34:0034  DevID:MV-CE013-50GM(00121453151)  Source-Line:MvCameraControl.dll(CInterfaceManager.cpp-L1505)     Description:GetFrameCount [0], GetFrameSucceedCount[0], RecvFrameCount[0]     Solution:
Info    2020-01-21 15:27:13:0605  DevID:MV-CE013-50GM(00121453151)  Source-Line:MvCameraControl.dll(CInterfaceManager.cpp-L0615)     Description:[MV_CC_CreateHandle] return[0x0]     Solution:
Info    2020-01-21 15:27:13:0605  DevID:MV-CE013-50GM(00121453151)  Source-Line:MvCameraControl.dll(CInterfaceManager.cpp-L5504)     Description:CamCtrl[0x2040102], GigE SDKVersion[0x2040102], DriverVersion[0x1030103]     Solution:
Info    2020-01-21 15:27:13:0988  DevID:MV-CE013-50GM(00121453151)  Source-Line:MvCameraControl.dll(CInterfaceManager.cpp-L0854)     Description:[MV_CC_OpenDevice] nPrivilegeMode[1], nSwitchoverKey[0], return[0x0]     Solution:
Info    2020-01-21 15:27:14:0027  DevID:MV-CE013-50GM(00121453151)  Source-Line:MvCameraControl.dll(CInterfaceManager.cpp-L1111)     Description:[MV_CC_RegisterImageCallBackEx] return[0x0]     Solution:
Info    2020-01-21 15:27:14:0123  DevID:MV-CE013-50GM(00121453151)  Source-Line:MvCameraControl.dll(CInterfaceManager.cpp-L1317)     Description:GigE, DeviceModelName[MV-CE013-50GM], DeviceFirmwareVersion[V2.5.0 170411,170322], DeviceMaxThroughput[763290000]     Solution:
Info    2020-01-21 15:27:14:0123  DevID:MV-CE013-50GM(00121453151)  Source-Line:MvCameraControl.dll(CInterfaceManager.cpp-L1322)     Description:GigE, Width[1280], Height[960], OffsetX[0], OffsetY[0], PixelFormat[0x1080001], AcquisitionMode[2]     Solution:
Info    2020-01-21 15:27:14:0123  DevID:MV-CE013-50GM(00121453151)  Source-Line:MvCameraControl.dll(CInterfaceManager.cpp-L1328)     Description:GigE, TriggerMode[0], ResultingFrameRate[30.00], ExposureTime[2392.00], ExposureAuto[0], PayloadSize[1228800]     Solution:
Info    2020-01-21 15:27:14:0123  DevID:MV-CE013-50GM(00121453151)  Source-Line:MvCameraControl.dll(CInterfaceManager.cpp-L1333)     Description:GigE, GevLinkSpeed[1000], GevHeartbeatTimeout[60000], GevSCPSPacketSize[1500], GevSCPD[400]     Solution:
Info    2020-01-21 15:27:14:0124  DevID:MV-CE013-50GM(00121453151)  Source-Line:MvCameraControl.dll(CInterfaceManager.cpp-L5192)     Description:CamCtrl RecvThread Start, ThreadId[2192]     Solution:
Info    2020-01-21 15:27:14:0124  DevID:MV-CE013-50GM(00121453151)  Source-Line:MvCameraControl.dll(CInterfaceManager.cpp-L1410)     Description:The callback has been registered     Solution:
Info    2020-01-21 15:27:14:0124  DevID:MV-CE013-50GM(00121453151)  Source-Line:MvCameraControl.dll(CInterfaceManager.cpp-L1418)     Description:[MV_CC_StartGrabbing] return[0x0]     Solution:
Info    2020-01-21 15:27:14:0124  DevID:MV-CE013-50GM(00121453151)  Source-Line:MvCameraControl.dll(CInterfaceManager.cpp-L5017)     Description:CamCtrl Display Thread Start, ThreadId[4124]     Solution:
Info    2020-01-21 15:40:06:0338  DevID:MV-CE013-50GM(00121453151)  Source-Line:MvCameraControl.dll(CInterfaceManager.cpp-L0615)     Description:[MV_CC_CreateHandle] return[0x0]     Solution:
Info    2020-01-21 15:40:06:0338  DevID:MV-CE013-50GM(00121453151)  Source-Line:MvCameraControl.dll(CInterfaceManager.cpp-L5504)     Description:CamCtrl[0x2040102], GigE SDKVersion[0x2040102], DriverVersion[0x1030103]     Solution:
Info    2020-01-21 15:40:06:0736  DevID:MV-CE013-50GM(00121453151)  Source-Line:MvCameraControl.dll(CInterfaceManager.cpp-L0854)     Description:[MV_CC_OpenDevice] nPrivilegeMode[1], nSwitchoverKey[0], return[0x0]     Solution:
Info    2020-01-21 15:40:06:0772  DevID:MV-CE013-50GM(00121453151)  Source-Line:MvCameraControl.dll(CInterfaceManager.cpp-L1111)     Description:[MV_CC_RegisterImageCallBackEx] return[0x0]     Solution:
Info    2020-01-21 15:40:06:0867  DevID:MV-CE013-50GM(00121453151)  Source-Line:MvCameraControl.dll(CInterfaceManager.cpp-L1317)     Description:GigE, DeviceModelName[MV-CE013-50GM], DeviceFirmwareVersion[V2.5.0 170411,170322], DeviceMaxThroughput[763290000]     Solution:
Info    2020-01-21 15:40:06:0867  DevID:MV-CE013-50GM(00121453151)  Source-Line:MvCameraControl.dll(CInterfaceManager.cpp-L1322)     Description:GigE, Width[1280], Height[960], OffsetX[0], OffsetY[0], PixelFormat[0x1080001], AcquisitionMode[2]     Solution:
Info    2020-01-21 15:40:06:0867  DevID:MV-CE013-50GM(00121453151)  Source-Line:MvCameraControl.dll(CInterfaceManager.cpp-L1328)     Description:GigE, TriggerMode[0], ResultingFrameRate[30.00], ExposureTime[2392.00], ExposureAuto[0], PayloadSize[1228800]     Solution:
Info    2020-01-21 15:40:06:0867  DevID:MV-CE013-50GM(00121453151)  Source-Line:MvCameraControl.dll(CInterfaceManager.cpp-L1333)     Description:GigE, GevLinkSpeed[1000], GevHeartbeatTimeout[60000], GevSCPSPacketSize[1500], GevSCPD[400]     Solution:
Info    2020-01-21 15:40:06:0867  DevID:MV-CE013-50GM(00121453151)  Source-Line:MvCameraControl.dll(CInterfaceManager.cpp-L5192)     Description:CamCtrl RecvThread Start, ThreadId[5012]     Solution:
Info    2020-01-21 15:40:06:0867  DevID:MV-CE013-50GM(00121453151)  Source-Line:MvCameraControl.dll(CInterfaceManager.cpp-L1410)     Description:The callback has been registered     Solution:
Info    2020-01-21 15:40:06:0867  DevID:MV-CE013-50GM(00121453151)  Source-Line:MvCameraControl.dll(CInterfaceManager.cpp-L1418)     Description:[MV_CC_StartGrabbing] return[0x0]     Solution:
Info    2020-01-21 15:40:06:0868  DevID:MV-CE013-50GM(00121453151)  Source-Line:MvCameraControl.dll(CInterfaceManager.cpp-L5017)     Description:CamCtrl Display Thread Start, ThreadId[4240]     Solution:
Info    2020-01-21 15:49:55:0983  DevID:MV-CE013-50GM(00121453151)  Source-Line:MvCameraControl.dll(CInterfaceManager.cpp-L5367)     Description:RecvThread Process Exit     Solution:
Info    2020-01-21 15:49:56:0026  DevID:MV-CE013-50GM(00121453151)  Source-Line:MvCameraControl.dll(CInterfaceManager.cpp-L5175)     Description:Display process exit     Solution:
Info    2020-01-21 15:49:56:0138  DevID:MV-CE013-50GM(00121453151)  Source-Line:MvCameraControl.dll(CInterfaceManager.cpp-L1504)     Description:[StopGrabbing] return[0x0]     Solution:
Info    2020-01-21 15:49:56:0138  DevID:MV-CE013-50GM(00121453151)  Source-Line:MvCameraControl.dll(CInterfaceManager.cpp-L1505)     Description:GetFrameCount [0], GetFrameSucceedCount[0], RecvFrameCount[0]     Solution:
Info    2020-01-21 15:49:56:0531  DevID:MV-CE013-50GM(00121453151)  Source-Line:MvCameraControl.dll(CInterfaceManager.cpp-L0926)     Description:[CloseDevice] return[0x0]     Solution:
Info    2020-01-21 15:49:56:0531  DevID:MV-CE013-50GM(00121453151)  Source-Line:MvCameraControl.dll(CInterfaceManager.cpp-L0630)     Description:[MV_CC_DestroyHandle] return[0x0]     Solution:
Info    2020-01-21 16:01:24:0394  DevID:MV-CE013-50GM(00121453151)  Source-Line:MvCameraControl.dll(CInterfaceManager.cpp-L0615)     Description:[MV_CC_CreateHandle] return[0x0]     Solution:
Info    2020-01-21 16:01:24:0395  DevID:MV-CE013-50GM(00121453151)  Source-Line:MvCameraControl.dll(CInterfaceManager.cpp-L5504)     Description:CamCtrl[0x2040102], GigE SDKVersion[0x2040102], DriverVersion[0x1030103]     Solution:
Info    2020-01-21 16:01:24:0782  DevID:MV-CE013-50GM(00121453151)  Source-Line:MvCameraControl.dll(CInterfaceManager.cpp-L0854)     Description:[MV_CC_OpenDevice] nPrivilegeMode[1], nSwitchoverKey[0], return[0x0]     Solution:
Info    2020-01-21 16:01:24:0819  DevID:MV-CE013-50GM(00121453151)  Source-Line:MvCameraControl.dll(CInterfaceManager.cpp-L1111)     Description:[MV_CC_RegisterImageCallBackEx] return[0x0]     Solution:
Info    2020-01-21 16:01:24:0914  DevID:MV-CE013-50GM(00121453151)  Source-Line:MvCameraControl.dll(CInterfaceManager.cpp-L1317)     Description:GigE, DeviceModelName[MV-CE013-50GM], DeviceFirmwareVersion[V2.5.0 170411,170322], DeviceMaxThroughput[763290000]     Solution:
Info    2020-01-21 16:01:24:0914  DevID:MV-CE013-50GM(00121453151)  Source-Line:MvCameraControl.dll(CInterfaceManager.cpp-L1322)     Description:GigE, Width[1280], Height[960], OffsetX[0], OffsetY[0], PixelFormat[0x1080001], AcquisitionMode[2]     Solution:
Info    2020-01-21 16:01:24:0914  DevID:MV-CE013-50GM(00121453151)  Source-Line:MvCameraControl.dll(CInterfaceManager.cpp-L1328)     Description:GigE, TriggerMode[0], ResultingFrameRate[30.00], ExposureTime[2392.00], ExposureAuto[0], PayloadSize[1228800]     Solution:
Info    2020-01-21 16:01:24:0914  DevID:MV-CE013-50GM(00121453151)  Source-Line:MvCameraControl.dll(CInterfaceManager.cpp-L1333)     Description:GigE, GevLinkSpeed[1000], GevHeartbeatTimeout[60000], GevSCPSPacketSize[1500], GevSCPD[400]     Solution:
Info    2020-01-21 16:01:24:0914  DevID:MV-CE013-50GM(00121453151)  Source-Line:MvCameraControl.dll(CInterfaceManager.cpp-L1410)     Description:The callback has been registered     Solution:
Info    2020-01-21 16:01:24:0914  DevID:MV-CE013-50GM(00121453151)  Source-Line:MvCameraControl.dll(CInterfaceManager.cpp-L1418)     Description:[MV_CC_StartGrabbing] return[0x0]     Solution:
Info    2020-01-21 16:01:24:0914  DevID:MV-CE013-50GM(00121453151)  Source-Line:MvCameraControl.dll(CInterfaceManager.cpp-L5192)     Description:CamCtrl RecvThread Start, ThreadId[6764]     Solution:
Info    2020-01-21 16:01:24:0915  DevID:MV-CE013-50GM(00121453151)  Source-Line:MvCameraControl.dll(CInterfaceManager.cpp-L5017)     Description:CamCtrl Display Thread Start, ThreadId[2128]     Solution:
Info    2020-01-21 16:03:39:0358  DevID:MV-CE013-50GM(00121453151)  Source-Line:MvCameraControl.dll(CInterfaceManager.cpp-L5367)     Description:RecvThread Process Exit     Solution:
Info    2020-01-21 16:03:39:0437  DevID:MV-CE013-50GM(00121453151)  Source-Line:MvCameraControl.dll(CInterfaceManager.cpp-L5175)     Description:Display process exit     Solution:
Info    2020-01-21 16:03:39:0549  DevID:MV-CE013-50GM(00121453151)  Source-Line:MvCameraControl.dll(CInterfaceManager.cpp-L1504)     Description:[StopGrabbing] return[0x0]     Solution:
Info    2020-01-21 16:03:39:0549  DevID:MV-CE013-50GM(00121453151)  Source-Line:MvCameraControl.dll(CInterfaceManager.cpp-L1505)     Description:GetFrameCount [0], GetFrameSucceedCount[0], RecvFrameCount[0]     Solution:
Info    2020-01-21 16:03:40:0587  DevID:MV-CE013-50GM(00121453151)  Source-Line:MvCameraControl.dll(CInterfaceManager.cpp-L0926)     Description:[CloseDevice] return[0x0]     Solution:
Info    2020-01-21 16:03:40:0588  DevID:MV-CE013-50GM(00121453151)  Source-Line:MvCameraControl.dll(CInterfaceManager.cpp-L0630)     Description:[MV_CC_DestroyHandle] return[0x0]     Solution:
