Warning 2020-01-21 11:44:05:0628  DevID:MV-CE013-50GM(00121453151)  Source-Line:MVGigEVisionSDK.dll(GigEVisionManager.cpp-L0275)     Description:Driver mode failed, DriverInstalled[0x80000207], DriverVersion[0x1030103], Socket mode start!     Solution:
Info    2020-01-21 11:44:05:0629  DevID:MV-CE013-50GM(00121453151)  Source-Line:MVGigEVisionSDK.dll(GigEVisionManager.cpp-L1004)     Description:Connecting device, hostIP[0xc0a80117], hostPort[57584], devIP[0xc0a8010b]     Solution:
Info    2020-01-21 11:44:06:0069  DevID:MV-CE013-50GM(00121453151)  Source-Line:MVGigEVisionSDK.dll(GigEVisionManager.cpp-L3213)     Description:Get Local Mtu [1514]!     Solution:
Info    2020-01-21 11:44:06:0081  DevID:MV-CE013-50GM(00121453151)  Source-Line:MVGigEVisionSDK.dll(GigEVisionManager.cpp-L3339)     Description:Optimal PacketSize [1500]!     Solution:
Info    2020-01-21 11:44:06:0192  DevID:MV-CE013-50GM(00121453151)  Source-Line:MVGigEVisionSDK.dll(GigEVisionGVSP.cpp-L0356)     Description:GVSP GVSPThread Start, ThreadId[6752]     Solution:
Info    2020-01-21 11:44:06:0192  DevID:MV-CE013-50GM(00121453151)  Source-Line:MVGigEVisionSDK.dll(GigEVisionManager.cpp-L2310)     Description:GigE StreamInterEventThread Start, ThreadId[5004]     Solution:
Info    2020-01-21 11:46:40:0072  DevID:MV-CE013-50GM(00121453151)  Source-Line:MVGigEVisionSDK.dll(GigEVisionGVSP.cpp-L0549)     Description:GVSP recv thread stop     Solution:
Info    2020-01-21 11:46:40:0072  DevID:MV-CE013-50GM(00121453151)  Source-Line:MVGigEVisionSDK.dll(GigEVisionManager.cpp-L2072)     Description:AppGetCount[4609], AppGetCountSucceed[4609], NetRecv[4615], ThrowAbnormalImage[0], NetLostFrame[0], ThrowInBufList[6], LostPackets[0]     Solution:
Info    2020-01-21 11:46:40:0095  DevID:MV-CE013-50GM(00121453151)  Source-Line:MVGigEVisionSDK.dll(GigEVisionManager.cpp-L2072)     Description:AppGetCount[4609], AppGetCountSucceed[4609], NetRecv[4615], ThrowAbnormalImage[0], NetLostFrame[0], ThrowInBufList[6], LostPackets[0]     Solution:
Info    2020-01-21 11:46:40:0097  DevID:MV-CE013-50GM(00121453151)  Source-Line:MVGigEVisionSDK.dll(GigEVisionManager.cpp-L4662)     Description:SetTransmissionType[0x0], nRet[0x0], GvspSendIp[0xc0a80117], GvspSendPort[57584], HostIp[0xc0a80117], HostPort[57584]     Solution:
Info    2020-01-21 11:46:40:0097  DevID:MV-CE013-50GM(00121453151)  Source-Line:MVGigEVisionSDK.dll(GigEVisionManager.cpp-L1080)     Description:Disconnect device     Solution:
Info    2020-01-21 11:46:40:0111  DevID:MV-CE013-50GM(00121453151)  Source-Line:MVGigEVisionSDK.dll(GigEVisionManager.cpp-L2072)     Description:AppGetCount[4609], AppGetCountSucceed[4609], NetRecv[4615], ThrowAbnormalImage[0], NetLostFrame[0], ThrowInBufList[6], LostPackets[0]     Solution:
Info    2020-01-21 11:46:41:0033  DevID:MV-CE013-50GM(00121453151)  Source-Line:MVGigEVisionSDK.dll(GigEVisionGVSP.cpp-L0601)     Description:[socket] NearBID[0], LastBID[0], output[0]     Solution:
Warning 2020-01-21 11:49:15:0914  DevID:MV-CE013-50GM(00121453151)  Source-Line:MVGigEVisionSDK.dll(GigEVisionManager.cpp-L0275)     Description:Driver mode failed, DriverInstalled[0x80000207], DriverVersion[0x1030103], Socket mode start!     Solution:
Info    2020-01-21 11:49:15:0915  DevID:MV-CE013-50GM(00121453151)  Source-Line:MVGigEVisionSDK.dll(GigEVisionManager.cpp-L1004)     Description:Connecting device, hostIP[0xc0a80117], hostPort[51930], devIP[0xc0a8010b]     Solution:
Info    2020-01-21 11:49:16:0279  DevID:MV-CE013-50GM(00121453151)  Source-Line:MVGigEVisionSDK.dll(GigEVisionManager.cpp-L3213)     Description:Get Local Mtu [1514]!     Solution:
Info    2020-01-21 11:49:16:0292  DevID:MV-CE013-50GM(00121453151)  Source-Line:MVGigEVisionSDK.dll(GigEVisionManager.cpp-L3339)     Description:Optimal PacketSize [1500]!     Solution:
Info    2020-01-21 11:49:16:0402  DevID:MV-CE013-50GM(00121453151)  Source-Line:MVGigEVisionSDK.dll(GigEVisionGVSP.cpp-L0356)     Description:GVSP GVSPThread Start, ThreadId[2740]     Solution:
Info    2020-01-21 11:49:16:0402  DevID:MV-CE013-50GM(00121453151)  Source-Line:MVGigEVisionSDK.dll(GigEVisionManager.cpp-L2310)     Description:GigE StreamInterEventThread Start, ThreadId[4272]     Solution:
Info    2020-01-21 13:43:00:0745  DevID:MV-CE013-50GM(00121453151)  Source-Line:MVGigEVisionSDK.dll(GigEVisionGVSP.cpp-L0549)     Description:GVSP recv thread stop     Solution:
Info    2020-01-21 13:43:00:0745  DevID:MV-CE013-50GM(00121453151)  Source-Line:MVGigEVisionSDK.dll(GigEVisionManager.cpp-L2072)     Description:AppGetCount[202389], AppGetCountSucceed[202389], NetRecv[204814], ThrowAbnormalImage[0], NetLostFrame[0], ThrowInBufList[2424], LostPackets[0]     Solution:
Info    2020-01-21 13:43:00:0768  DevID:MV-CE013-50GM(00121453151)  Source-Line:MVGigEVisionSDK.dll(GigEVisionManager.cpp-L2072)     Description:AppGetCount[202389], AppGetCountSucceed[202389], NetRecv[204814], ThrowAbnormalImage[0], NetLostFrame[0], ThrowInBufList[2424], LostPackets[0]     Solution:
Info    2020-01-21 13:43:00:0770  DevID:MV-CE013-50GM(00121453151)  Source-Line:MVGigEVisionSDK.dll(GigEVisionManager.cpp-L4662)     Description:SetTransmissionType[0x0], nRet[0x0], GvspSendIp[0xc0a80117], GvspSendPort[51930], HostIp[0xc0a80117], HostPort[51930]     Solution:
Info    2020-01-21 13:43:00:0770  DevID:MV-CE013-50GM(00121453151)  Source-Line:MVGigEVisionSDK.dll(GigEVisionManager.cpp-L1080)     Description:Disconnect device     Solution:
Info    2020-01-21 13:43:00:0784  DevID:MV-CE013-50GM(00121453151)  Source-Line:MVGigEVisionSDK.dll(GigEVisionManager.cpp-L2072)     Description:AppGetCount[202389], AppGetCountSucceed[202389], NetRecv[204814], ThrowAbnormalImage[0], NetLostFrame[0], ThrowInBufList[2424], LostPackets[0]     Solution:
Warning 2020-01-21 13:43:56:0584  DevID:MV-CE013-50GM(00121453151)  Source-Line:MVGigEVisionSDK.dll(GigEVisionManager.cpp-L0275)     Description:Driver mode failed, DriverInstalled[0x80000207], DriverVersion[0x1030103], Socket mode start!     Solution:
Info    2020-01-21 13:43:56:0585  DevID:MV-CE013-50GM(00121453151)  Source-Line:MVGigEVisionSDK.dll(GigEVisionManager.cpp-L1004)     Description:Connecting device, hostIP[0xc0a80117], hostPort[53535], devIP[0xc0a8010b]     Solution:
Info    2020-01-21 13:43:56:0957  DevID:MV-CE013-50GM(00121453151)  Source-Line:MVGigEVisionSDK.dll(GigEVisionManager.cpp-L3213)     Description:Get Local Mtu [1514]!     Solution:
Info    2020-01-21 13:43:56:0970  DevID:MV-CE013-50GM(00121453151)  Source-Line:MVGigEVisionSDK.dll(GigEVisionManager.cpp-L3339)     Description:Optimal PacketSize [1500]!     Solution:
Info    2020-01-21 13:43:57:0079  DevID:MV-CE013-50GM(00121453151)  Source-Line:MVGigEVisionSDK.dll(GigEVisionGVSP.cpp-L0356)     Description:GVSP GVSPThread Start, ThreadId[4160]     Solution:
Info    2020-01-21 13:43:57:0079  DevID:MV-CE013-50GM(00121453151)  Source-Line:MVGigEVisionSDK.dll(GigEVisionManager.cpp-L2310)     Description:GigE StreamInterEventThread Start, ThreadId[6968]     Solution:
Info    2020-01-21 13:57:02:0460  DevID:MV-CE013-50GM(00121453151)  Source-Line:MVGigEVisionSDK.dll(GigEVisionGVSP.cpp-L0549)     Description:GVSP recv thread stop     Solution:
Info    2020-01-21 13:57:02:0460  DevID:MV-CE013-50GM(00121453151)  Source-Line:MVGigEVisionSDK.dll(GigEVisionManager.cpp-L2072)     Description:AppGetCount[23565], AppGetCountSucceed[23565], NetRecv[23568], ThrowAbnormalImage[0], NetLostFrame[0], ThrowInBufList[2], LostPackets[0]     Solution:
Info    2020-01-21 13:57:02:0483  DevID:MV-CE013-50GM(00121453151)  Source-Line:MVGigEVisionSDK.dll(GigEVisionManager.cpp-L2072)     Description:AppGetCount[23565], AppGetCountSucceed[23565], NetRecv[23568], ThrowAbnormalImage[0], NetLostFrame[0], ThrowInBufList[2], LostPackets[0]     Solution:
Info    2020-01-21 13:57:02:0485  DevID:MV-CE013-50GM(00121453151)  Source-Line:MVGigEVisionSDK.dll(GigEVisionManager.cpp-L4662)     Description:SetTransmissionType[0x0], nRet[0x0], GvspSendIp[0xc0a80117], GvspSendPort[53535], HostIp[0xc0a80117], HostPort[53535]     Solution:
Info    2020-01-21 13:57:02:0485  DevID:MV-CE013-50GM(00121453151)  Source-Line:MVGigEVisionSDK.dll(GigEVisionManager.cpp-L1080)     Description:Disconnect device     Solution:
Info    2020-01-21 13:57:02:0499  DevID:MV-CE013-50GM(00121453151)  Source-Line:MVGigEVisionSDK.dll(GigEVisionManager.cpp-L2072)     Description:AppGetCount[23565], AppGetCountSucceed[23565], NetRecv[23568], ThrowAbnormalImage[0], NetLostFrame[0], ThrowInBufList[2], LostPackets[0]     Solution:
Info    2020-01-21 13:57:02:0538  DevID:MV-CE013-50GM(00121453151)  Source-Line:MVGigEVisionSDK.dll(GigEVisionGVSP.cpp-L0601)     Description:[socket] NearBID[0], LastBID[0], output[0]     Solution:
Warning 2020-01-21 13:59:38:0747  DevID:MV-CE013-50GM(00121453151)  Source-Line:MVGigEVisionSDK.dll(GigEVisionManager.cpp-L0275)     Description:Driver mode failed, DriverInstalled[0x80000207], DriverVersion[0x1030103], Socket mode start!     Solution:
Info    2020-01-21 13:59:38:0748  DevID:MV-CE013-50GM(00121453151)  Source-Line:MVGigEVisionSDK.dll(GigEVisionManager.cpp-L1004)     Description:Connecting device, hostIP[0xc0a80117], hostPort[59692], devIP[0xc0a8010b]     Solution:
Info    2020-01-21 13:59:39:0129  DevID:MV-CE013-50GM(00121453151)  Source-Line:MVGigEVisionSDK.dll(GigEVisionManager.cpp-L3213)     Description:Get Local Mtu [1514]!     Solution:
Info    2020-01-21 13:59:39:0141  DevID:MV-CE013-50GM(00121453151)  Source-Line:MVGigEVisionSDK.dll(GigEVisionManager.cpp-L3339)     Description:Optimal PacketSize [1500]!     Solution:
Info    2020-01-21 13:59:39:0251  DevID:MV-CE013-50GM(00121453151)  Source-Line:MVGigEVisionSDK.dll(GigEVisionGVSP.cpp-L0356)     Description:GVSP GVSPThread Start, ThreadId[7024]     Solution:
Info    2020-01-21 13:59:39:0252  DevID:MV-CE013-50GM(00121453151)  Source-Line:MVGigEVisionSDK.dll(GigEVisionManager.cpp-L2310)     Description:GigE StreamInterEventThread Start, ThreadId[3992]     Solution:
Info    2020-01-21 14:00:52:0170  DevID:MV-CE013-50GM(00121453151)  Source-Line:MVGigEVisionSDK.dll(GigEVisionGVSP.cpp-L0549)     Description:GVSP recv thread stop     Solution:
Info    2020-01-21 14:00:52:0170  DevID:MV-CE013-50GM(00121453151)  Source-Line:MVGigEVisionSDK.dll(GigEVisionManager.cpp-L2072)     Description:AppGetCount[2183], AppGetCountSucceed[2183], NetRecv[2185], ThrowAbnormalImage[0], NetLostFrame[0], ThrowInBufList[1], LostPackets[0]     Solution:
Info    2020-01-21 14:00:52:0193  DevID:MV-CE013-50GM(00121453151)  Source-Line:MVGigEVisionSDK.dll(GigEVisionManager.cpp-L2072)     Description:AppGetCount[2183], AppGetCountSucceed[2183], NetRecv[2185], ThrowAbnormalImage[0], NetLostFrame[0], ThrowInBufList[1], LostPackets[0]     Solution:
Info    2020-01-21 14:00:52:0195  DevID:MV-CE013-50GM(00121453151)  Source-Line:MVGigEVisionSDK.dll(GigEVisionManager.cpp-L4662)     Description:SetTransmissionType[0x0], nRet[0x0], GvspSendIp[0xc0a80117], GvspSendPort[59692], HostIp[0xc0a80117], HostPort[59692]     Solution:
Info    2020-01-21 14:00:52:0195  DevID:MV-CE013-50GM(00121453151)  Source-Line:MVGigEVisionSDK.dll(GigEVisionManager.cpp-L1080)     Description:Disconnect device     Solution:
Info    2020-01-21 14:00:52:0209  DevID:MV-CE013-50GM(00121453151)  Source-Line:MVGigEVisionSDK.dll(GigEVisionManager.cpp-L2072)     Description:AppGetCount[2183], AppGetCountSucceed[2183], NetRecv[2185], ThrowAbnormalImage[0], NetLostFrame[0], ThrowInBufList[1], LostPackets[0]     Solution:
Info    2020-01-21 14:00:52:0473  DevID:MV-CE013-50GM(00121453151)  Source-Line:MVGigEVisionSDK.dll(GigEVisionGVSP.cpp-L0601)     Description:[socket] NearBID[0], LastBID[0], output[0]     Solution:
Warning 2020-01-21 14:01:42:0974  DevID:MV-CE013-50GM(00121453151)  Source-Line:MVGigEVisionSDK.dll(GigEVisionManager.cpp-L0275)     Description:Driver mode failed, DriverInstalled[0x80000207], DriverVersion[0x1030103], Socket mode start!     Solution:
Info    2020-01-21 14:01:42:0976  DevID:MV-CE013-50GM(00121453151)  Source-Line:MVGigEVisionSDK.dll(GigEVisionManager.cpp-L1004)     Description:Connecting device, hostIP[0xc0a80117], hostPort[54396], devIP[0xc0a8010b]     Solution:
Info    2020-01-21 14:01:43:0359  DevID:MV-CE013-50GM(00121453151)  Source-Line:MVGigEVisionSDK.dll(GigEVisionManager.cpp-L3213)     Description:Get Local Mtu [1514]!     Solution:
Info    2020-01-21 14:01:43:0371  DevID:MV-CE013-50GM(00121453151)  Source-Line:MVGigEVisionSDK.dll(GigEVisionManager.cpp-L3339)     Description:Optimal PacketSize [1500]!     Solution:
Info    2020-01-21 14:01:43:0483  DevID:MV-CE013-50GM(00121453151)  Source-Line:MVGigEVisionSDK.dll(GigEVisionGVSP.cpp-L0356)     Description:GVSP GVSPThread Start, ThreadId[5040]     Solution:
Info    2020-01-21 14:01:43:0483  DevID:MV-CE013-50GM(00121453151)  Source-Line:MVGigEVisionSDK.dll(GigEVisionManager.cpp-L2310)     Description:GigE StreamInterEventThread Start, ThreadId[7204]     Solution:
Warning 2020-01-21 14:15:15:0976  DevID:MV-CE013-50GM(00121453151)  Source-Line:MVGigEVisionSDK.dll(GigEVisionManager.cpp-L0275)     Description:Driver mode failed, DriverInstalled[0x80000207], DriverVersion[0x1030103], Socket mode start!     Solution:
Info    2020-01-21 14:15:15:0978  DevID:MV-CE013-50GM(00121453151)  Source-Line:MVGigEVisionSDK.dll(GigEVisionManager.cpp-L1004)     Description:Connecting device, hostIP[0xc0a80117], hostPort[55901], devIP[0xc0a8010b]     Solution:
Info    2020-01-21 14:15:16:0345  DevID:MV-CE013-50GM(00121453151)  Source-Line:MVGigEVisionSDK.dll(GigEVisionManager.cpp-L3213)     Description:Get Local Mtu [1514]!     Solution:
Info    2020-01-21 14:15:16:0358  DevID:MV-CE013-50GM(00121453151)  Source-Line:MVGigEVisionSDK.dll(GigEVisionManager.cpp-L3339)     Description:Optimal PacketSize [1500]!     Solution:
Info    2020-01-21 14:15:16:0468  DevID:MV-CE013-50GM(00121453151)  Source-Line:MVGigEVisionSDK.dll(GigEVisionGVSP.cpp-L0356)     Description:GVSP GVSPThread Start, ThreadId[8148]     Solution:
Info    2020-01-21 14:15:16:0469  DevID:MV-CE013-50GM(00121453151)  Source-Line:MVGigEVisionSDK.dll(GigEVisionManager.cpp-L2310)     Description:GigE StreamInterEventThread Start, ThreadId[4948]     Solution:
Info    2020-01-21 14:22:13:0035  DevID:MV-CE013-50GM(00121453151)  Source-Line:MVGigEVisionSDK.dll(GigEVisionGVSP.cpp-L0549)     Description:GVSP recv thread stop     Solution:
Info    2020-01-21 14:22:13:0035  DevID:MV-CE013-50GM(00121453151)  Source-Line:MVGigEVisionSDK.dll(GigEVisionManager.cpp-L2072)     Description:AppGetCount[12488], AppGetCountSucceed[12488], NetRecv[12499], ThrowAbnormalImage[0], NetLostFrame[0], ThrowInBufList[10], LostPackets[0]     Solution:
Info    2020-01-21 14:22:13:0058  DevID:MV-CE013-50GM(00121453151)  Source-Line:MVGigEVisionSDK.dll(GigEVisionManager.cpp-L2072)     Description:AppGetCount[12488], AppGetCountSucceed[12488], NetRecv[12499], ThrowAbnormalImage[0], NetLostFrame[0], ThrowInBufList[10], LostPackets[0]     Solution:
Info    2020-01-21 14:22:13:0060  DevID:MV-CE013-50GM(00121453151)  Source-Line:MVGigEVisionSDK.dll(GigEVisionManager.cpp-L4662)     Description:SetTransmissionType[0x0], nRet[0x0], GvspSendIp[0xc0a80117], GvspSendPort[55901], HostIp[0xc0a80117], HostPort[55901]     Solution:
Info    2020-01-21 14:22:13:0060  DevID:MV-CE013-50GM(00121453151)  Source-Line:MVGigEVisionSDK.dll(GigEVisionManager.cpp-L1080)     Description:Disconnect device     Solution:
Info    2020-01-21 14:22:13:0074  DevID:MV-CE013-50GM(00121453151)  Source-Line:MVGigEVisionSDK.dll(GigEVisionManager.cpp-L2072)     Description:AppGetCount[12488], AppGetCountSucceed[12488], NetRecv[12499], ThrowAbnormalImage[0], NetLostFrame[0], ThrowInBufList[10], LostPackets[0]     Solution:
Info    2020-01-21 14:22:13:0209  DevID:MV-CE013-50GM(00121453151)  Source-Line:MVGigEVisionSDK.dll(GigEVisionGVSP.cpp-L0601)     Description:[socket] NearBID[0], LastBID[0], output[0]     Solution:
Warning 2020-01-21 14:23:30:0516  DevID:MV-CE013-50GM(00121453151)  Source-Line:MVGigEVisionSDK.dll(GigEVisionManager.cpp-L0275)     Description:Driver mode failed, DriverInstalled[0x80000207], DriverVersion[0x1030103], Socket mode start!     Solution:
Info    2020-01-21 14:23:30:0517  DevID:MV-CE013-50GM(00121453151)  Source-Line:MVGigEVisionSDK.dll(GigEVisionManager.cpp-L1004)     Description:Connecting device, hostIP[0xc0a80117], hostPort[58066], devIP[0xc0a8010b]     Solution:
Info    2020-01-21 14:23:30:0885  DevID:MV-CE013-50GM(00121453151)  Source-Line:MVGigEVisionSDK.dll(GigEVisionManager.cpp-L3213)     Description:Get Local Mtu [1514]!     Solution:
Info    2020-01-21 14:23:30:0898  DevID:MV-CE013-50GM(00121453151)  Source-Line:MVGigEVisionSDK.dll(GigEVisionManager.cpp-L3339)     Description:Optimal PacketSize [1500]!     Solution:
Info    2020-01-21 14:23:31:0007  DevID:MV-CE013-50GM(00121453151)  Source-Line:MVGigEVisionSDK.dll(GigEVisionGVSP.cpp-L0356)     Description:GVSP GVSPThread Start, ThreadId[7324]     Solution:
Info    2020-01-21 14:23:31:0007  DevID:MV-CE013-50GM(00121453151)  Source-Line:MVGigEVisionSDK.dll(GigEVisionManager.cpp-L2310)     Description:GigE StreamInterEventThread Start, ThreadId[8012]     Solution:
Info    2020-01-21 14:29:02:0051  DevID:MV-CE013-50GM(00121453151)  Source-Line:MVGigEVisionSDK.dll(GigEVisionGVSP.cpp-L0549)     Description:GVSP recv thread stop     Solution:
Info    2020-01-21 14:29:02:0051  DevID:MV-CE013-50GM(00121453151)  Source-Line:MVGigEVisionSDK.dll(GigEVisionManager.cpp-L2072)     Description:AppGetCount[9929], AppGetCountSucceed[9929], NetRecv[9932], ThrowAbnormalImage[0], NetLostFrame[0], ThrowInBufList[2], LostPackets[0]     Solution:
Info    2020-01-21 14:29:02:0075  DevID:MV-CE013-50GM(00121453151)  Source-Line:MVGigEVisionSDK.dll(GigEVisionManager.cpp-L2072)     Description:AppGetCount[9929], AppGetCountSucceed[9929], NetRecv[9932], ThrowAbnormalImage[0], NetLostFrame[0], ThrowInBufList[2], LostPackets[0]     Solution:
Info    2020-01-21 14:29:02:0077  DevID:MV-CE013-50GM(00121453151)  Source-Line:MVGigEVisionSDK.dll(GigEVisionManager.cpp-L4662)     Description:SetTransmissionType[0x0], nRet[0x0], GvspSendIp[0xc0a80117], GvspSendPort[58066], HostIp[0xc0a80117], HostPort[58066]     Solution:
Info    2020-01-21 14:29:02:0077  DevID:MV-CE013-50GM(00121453151)  Source-Line:MVGigEVisionSDK.dll(GigEVisionManager.cpp-L1080)     Description:Disconnect device     Solution:
Info    2020-01-21 14:29:02:0091  DevID:MV-CE013-50GM(00121453151)  Source-Line:MVGigEVisionSDK.dll(GigEVisionManager.cpp-L2072)     Description:AppGetCount[9929], AppGetCountSucceed[9929], NetRecv[9932], ThrowAbnormalImage[0], NetLostFrame[0], ThrowInBufList[2], LostPackets[0]     Solution:
Info    2020-01-21 14:29:02:0470  DevID:MV-CE013-50GM(00121453151)  Source-Line:MVGigEVisionSDK.dll(GigEVisionGVSP.cpp-L0601)     Description:[socket] NearBID[0], LastBID[0], output[0]     Solution:
Warning 2020-01-21 14:30:01:0457  DevID:MV-CE013-50GM(00121453151)  Source-Line:MVGigEVisionSDK.dll(GigEVisionManager.cpp-L0275)     Description:Driver mode failed, DriverInstalled[0x80000207], DriverVersion[0x1030103], Socket mode start!     Solution:
Info    2020-01-21 14:30:01:0459  DevID:MV-CE013-50GM(00121453151)  Source-Line:MVGigEVisionSDK.dll(GigEVisionManager.cpp-L1004)     Description:Connecting device, hostIP[0xc0a80117], hostPort[58146], devIP[0xc0a8010b]     Solution:
Info    2020-01-21 14:30:01:0839  DevID:MV-CE013-50GM(00121453151)  Source-Line:MVGigEVisionSDK.dll(GigEVisionManager.cpp-L3213)     Description:Get Local Mtu [1514]!     Solution:
Info    2020-01-21 14:30:01:0852  DevID:MV-CE013-50GM(00121453151)  Source-Line:MVGigEVisionSDK.dll(GigEVisionManager.cpp-L3339)     Description:Optimal PacketSize [1500]!     Solution:
Info    2020-01-21 14:30:01:0961  DevID:MV-CE013-50GM(00121453151)  Source-Line:MVGigEVisionSDK.dll(GigEVisionGVSP.cpp-L0356)     Description:GVSP GVSPThread Start, ThreadId[3924]     Solution:
Info    2020-01-21 14:30:01:0961  DevID:MV-CE013-50GM(00121453151)  Source-Line:MVGigEVisionSDK.dll(GigEVisionManager.cpp-L2310)     Description:GigE StreamInterEventThread Start, ThreadId[7764]     Solution:
Info    2020-01-21 15:10:34:0024  DevID:MV-CE013-50GM(00121453151)  Source-Line:MVGigEVisionSDK.dll(GigEVisionGVSP.cpp-L0549)     Description:GVSP recv thread stop     Solution:
Info    2020-01-21 15:10:34:0024  DevID:MV-CE013-50GM(00121453151)  Source-Line:MVGigEVisionSDK.dll(GigEVisionManager.cpp-L2072)     Description:AppGetCount[72986], AppGetCountSucceed[72986], NetRecv[72989], ThrowAbnormalImage[0], NetLostFrame[0], ThrowInBufList[3], LostPackets[1]     Solution:
Info    2020-01-21 15:10:34:0047  DevID:MV-CE013-50GM(00121453151)  Source-Line:MVGigEVisionSDK.dll(GigEVisionManager.cpp-L2072)     Description:AppGetCount[72986], AppGetCountSucceed[72986], NetRecv[72989], ThrowAbnormalImage[0], NetLostFrame[0], ThrowInBufList[3], LostPackets[1]     Solution:
Info    2020-01-21 15:10:34:0049  DevID:MV-CE013-50GM(00121453151)  Source-Line:MVGigEVisionSDK.dll(GigEVisionManager.cpp-L4662)     Description:SetTransmissionType[0x0], nRet[0x0], GvspSendIp[0xc0a80117], GvspSendPort[58146], HostIp[0xc0a80117], HostPort[58146]     Solution:
Info    2020-01-21 15:10:34:0049  DevID:MV-CE013-50GM(00121453151)  Source-Line:MVGigEVisionSDK.dll(GigEVisionManager.cpp-L1080)     Description:Disconnect device     Solution:
Info    2020-01-21 15:10:34:0063  DevID:MV-CE013-50GM(00121453151)  Source-Line:MVGigEVisionSDK.dll(GigEVisionManager.cpp-L2072)     Description:AppGetCount[72986], AppGetCountSucceed[72986], NetRecv[72989], ThrowAbnormalImage[0], NetLostFrame[0], ThrowInBufList[3], LostPackets[1]     Solution:
Warning 2020-01-21 15:27:13:0616  DevID:MV-CE013-50GM(00121453151)  Source-Line:MVGigEVisionSDK.dll(GigEVisionManager.cpp-L0275)     Description:Driver mode failed, DriverInstalled[0x80000207], DriverVersion[0x1030103], Socket mode start!     Solution:
Info    2020-01-21 15:27:13:0618  DevID:MV-CE013-50GM(00121453151)  Source-Line:MVGigEVisionSDK.dll(GigEVisionManager.cpp-L1004)     Description:Connecting device, hostIP[0xc0a80117], hostPort[61499], devIP[0xc0a8010b]     Solution:
Info    2020-01-21 15:27:13:0990  DevID:MV-CE013-50GM(00121453151)  Source-Line:MVGigEVisionSDK.dll(GigEVisionManager.cpp-L3213)     Description:Get Local Mtu [1514]!     Solution:
Info    2020-01-21 15:27:14:0003  DevID:MV-CE013-50GM(00121453151)  Source-Line:MVGigEVisionSDK.dll(GigEVisionManager.cpp-L3339)     Description:Optimal PacketSize [1500]!     Solution:
Info    2020-01-21 15:27:14:0115  DevID:MV-CE013-50GM(00121453151)  Source-Line:MVGigEVisionSDK.dll(GigEVisionGVSP.cpp-L0356)     Description:GVSP GVSPThread Start, ThreadId[7540]     Solution:
Info    2020-01-21 15:27:14:0116  DevID:MV-CE013-50GM(00121453151)  Source-Line:MVGigEVisionSDK.dll(GigEVisionManager.cpp-L2310)     Description:GigE StreamInterEventThread Start, ThreadId[6072]     Solution:
Warning 2020-01-21 15:40:06:0343  DevID:MV-CE013-50GM(00121453151)  Source-Line:MVGigEVisionSDK.dll(GigEVisionManager.cpp-L0275)     Description:Driver mode failed, DriverInstalled[0x80000207], DriverVersion[0x1030103], Socket mode start!     Solution:
Info    2020-01-21 15:40:06:0345  DevID:MV-CE013-50GM(00121453151)  Source-Line:MVGigEVisionSDK.dll(GigEVisionManager.cpp-L1004)     Description:Connecting device, hostIP[0xc0a80117], hostPort[53108], devIP[0xc0a8010b]     Solution:
Info    2020-01-21 15:40:06:0738  DevID:MV-CE013-50GM(00121453151)  Source-Line:MVGigEVisionSDK.dll(GigEVisionManager.cpp-L3213)     Description:Get Local Mtu [1514]!     Solution:
Info    2020-01-21 15:40:06:0750  DevID:MV-CE013-50GM(00121453151)  Source-Line:MVGigEVisionSDK.dll(GigEVisionManager.cpp-L3339)     Description:Optimal PacketSize [1500]!     Solution:
Info    2020-01-21 15:40:06:0859  DevID:MV-CE013-50GM(00121453151)  Source-Line:MVGigEVisionSDK.dll(GigEVisionGVSP.cpp-L0356)     Description:GVSP GVSPThread Start, ThreadId[2472]     Solution:
Info    2020-01-21 15:40:06:0860  DevID:MV-CE013-50GM(00121453151)  Source-Line:MVGigEVisionSDK.dll(GigEVisionManager.cpp-L2310)     Description:GigE StreamInterEventThread Start, ThreadId[2256]     Solution:
Info    2020-01-21 15:49:56:0128  DevID:MV-CE013-50GM(00121453151)  Source-Line:MVGigEVisionSDK.dll(GigEVisionGVSP.cpp-L0549)     Description:GVSP recv thread stop     Solution:
Info    2020-01-21 15:49:56:0128  DevID:MV-CE013-50GM(00121453151)  Source-Line:MVGigEVisionSDK.dll(GigEVisionManager.cpp-L2072)     Description:AppGetCount[14323], AppGetCountSucceed[14323], NetRecv[17682], ThrowAbnormalImage[0], NetLostFrame[0], ThrowInBufList[3358], LostPackets[0]     Solution:
Info    2020-01-21 15:49:56:0151  DevID:MV-CE013-50GM(00121453151)  Source-Line:MVGigEVisionSDK.dll(GigEVisionManager.cpp-L2072)     Description:AppGetCount[14323], AppGetCountSucceed[14323], NetRecv[17682], ThrowAbnormalImage[0], NetLostFrame[0], ThrowInBufList[3358], LostPackets[0]     Solution:
Info    2020-01-21 15:49:56:0153  DevID:MV-CE013-50GM(00121453151)  Source-Line:MVGigEVisionSDK.dll(GigEVisionManager.cpp-L4662)     Description:SetTransmissionType[0x0], nRet[0x0], GvspSendIp[0xc0a80117], GvspSendPort[53108], HostIp[0xc0a80117], HostPort[53108]     Solution:
Info    2020-01-21 15:49:56:0153  DevID:MV-CE013-50GM(00121453151)  Source-Line:MVGigEVisionSDK.dll(GigEVisionManager.cpp-L1080)     Description:Disconnect device     Solution:
Info    2020-01-21 15:49:56:0167  DevID:MV-CE013-50GM(00121453151)  Source-Line:MVGigEVisionSDK.dll(GigEVisionManager.cpp-L2072)     Description:AppGetCount[14323], AppGetCountSucceed[14323], NetRecv[17682], ThrowAbnormalImage[0], NetLostFrame[0], ThrowInBufList[3358], LostPackets[0]     Solution:
Info    2020-01-21 15:49:56:0525  DevID:MV-CE013-50GM(00121453151)  Source-Line:MVGigEVisionSDK.dll(GigEVisionGVSP.cpp-L0601)     Description:[socket] NearBID[0], LastBID[0], output[0]     Solution:
Warning 2020-01-21 16:01:24:0402  DevID:MV-CE013-50GM(00121453151)  Source-Line:MVGigEVisionSDK.dll(GigEVisionManager.cpp-L0275)     Description:Driver mode failed, DriverInstalled[0x80000207], DriverVersion[0x1030103], Socket mode start!     Solution:
Info    2020-01-21 16:01:24:0404  DevID:MV-CE013-50GM(00121453151)  Source-Line:MVGigEVisionSDK.dll(GigEVisionManager.cpp-L1004)     Description:Connecting device, hostIP[0xc0a80117], hostPort[52382], devIP[0xc0a8010b]     Solution:
Info    2020-01-21 16:01:24:0784  DevID:MV-CE013-50GM(00121453151)  Source-Line:MVGigEVisionSDK.dll(GigEVisionManager.cpp-L3213)     Description:Get Local Mtu [1514]!     Solution:
Info    2020-01-21 16:01:24:0796  DevID:MV-CE013-50GM(00121453151)  Source-Line:MVGigEVisionSDK.dll(GigEVisionManager.cpp-L3339)     Description:Optimal PacketSize [1500]!     Solution:
Info    2020-01-21 16:01:24:0907  DevID:MV-CE013-50GM(00121453151)  Source-Line:MVGigEVisionSDK.dll(GigEVisionGVSP.cpp-L0356)     Description:GVSP GVSPThread Start, ThreadId[7648]     Solution:
Info    2020-01-21 16:01:24:0907  DevID:MV-CE013-50GM(00121453151)  Source-Line:MVGigEVisionSDK.dll(GigEVisionManager.cpp-L2310)     Description:GigE StreamInterEventThread Start, ThreadId[7492]     Solution:
Info    2020-01-21 16:03:39:0539  DevID:MV-CE013-50GM(00121453151)  Source-Line:MVGigEVisionSDK.dll(GigEVisionGVSP.cpp-L0549)     Description:GVSP recv thread stop     Solution:
Info    2020-01-21 16:03:39:0539  DevID:MV-CE013-50GM(00121453151)  Source-Line:MVGigEVisionSDK.dll(GigEVisionManager.cpp-L2072)     Description:AppGetCount[4032], AppGetCountSucceed[4032], NetRecv[4037], ThrowAbnormalImage[0], NetLostFrame[0], ThrowInBufList[4], LostPackets[0]     Solution:
Info    2020-01-21 16:03:39:0563  DevID:MV-CE013-50GM(00121453151)  Source-Line:MVGigEVisionSDK.dll(GigEVisionManager.cpp-L2072)     Description:AppGetCount[4032], AppGetCountSucceed[4032], NetRecv[4037], ThrowAbnormalImage[0], NetLostFrame[0], ThrowInBufList[4], LostPackets[0]     Solution:
Info    2020-01-21 16:03:39:0565  DevID:MV-CE013-50GM(00121453151)  Source-Line:MVGigEVisionSDK.dll(GigEVisionManager.cpp-L4662)     Description:SetTransmissionType[0x0], nRet[0x0], GvspSendIp[0xc0a80117], GvspSendPort[52382], HostIp[0xc0a80117], HostPort[52382]     Solution:
Info    2020-01-21 16:03:39:0565  DevID:MV-CE013-50GM(00121453151)  Source-Line:MVGigEVisionSDK.dll(GigEVisionManager.cpp-L1080)     Description:Disconnect device     Solution:
Info    2020-01-21 16:03:39:0580  DevID:MV-CE013-50GM(00121453151)  Source-Line:MVGigEVisionSDK.dll(GigEVisionManager.cpp-L2072)     Description:AppGetCount[4032], AppGetCountSucceed[4032], NetRecv[4037], ThrowAbnormalImage[0], NetLostFrame[0], ThrowInBufList[4], LostPackets[0]     Solution:
Info    2020-01-21 16:03:40:0581  DevID:MV-CE013-50GM(00121453151)  Source-Line:MVGigEVisionSDK.dll(GigEVisionGVSP.cpp-L0601)     Description:[socket] NearBID[0], LastBID[0], output[0]     Solution:
